#! /c/Source/iverilog-install/bin/vvp
:ivl_version "12.0 (devel)" "(s20150603-1110-g18392a46)";
:ivl_delay_selection "TYPICAL";
:vpi_time_precision + 0;
:vpi_module "C:\iverilog\lib\ivl\system.vpi";
:vpi_module "C:\iverilog\lib\ivl\vhdl_sys.vpi";
:vpi_module "C:\iverilog\lib\ivl\vhdl_textio.vpi";
:vpi_module "C:\iverilog\lib\ivl\v2005_math.vpi";
:vpi_module "C:\iverilog\lib\ivl\va_math.vpi";
S_000001a76af95090 .scope module, "BancoDeRegistros8088" "BancoDeRegistros8088" 2 18;
 .timescale 0 0;
    .port_info 0 /INPUT 1 "CLK";
    .port_info 1 /INPUT 1 "RST";
    .port_info 2 /INPUT 1 "RD";
    .port_info 3 /INPUT 1 "WR";
    .port_info 4 /INPUT 4 "SEL";
    .port_info 5 /INOUT 16 "DATA";
v000001a76b02e320_0 .net "AH", 7 0, v000001a76afce020_0;  1 drivers
v000001a76b02ec80_0 .net "AL", 7 0, v000001a76afcd120_0;  1 drivers
v000001a76b02fb80_0 .net "BH", 7 0, v000001a76afcd940_0;  1 drivers
v000001a76b02e6e0_0 .net "BL", 7 0, v000001a76afc6d80_0;  1 drivers
v000001a76b02f400_0 .net "BP", 15 0, v000001a76afc6ce0_0;  1 drivers
v000001a76b02f4a0_0 .net "CH", 7 0, v000001a76afc64c0_0;  1 drivers
v000001a76b02f360_0 .net "CL", 7 0, v000001a76b02c980_0;  1 drivers
o000001a76afd3618 .functor BUFZ 1, C4<z>; HiZ drive
v000001a76b02ebe0_0 .net "CLK", 0 0, o000001a76afd3618;  0 drivers
v000001a76b02fae0_0 .net "DATA", 15 0, L_000001a76b031810;  1 drivers
v000001a76b02e280_0 .net "DH", 7 0, v000001a76b02cc00_0;  1 drivers
v000001a76b02fa40_0 .net "DI", 15 0, v000001a76b02cca0_0;  1 drivers
v000001a76b02f220_0 .net "DL", 7 0, v000001a76b02b3a0_0;  1 drivers
o000001a76afd4a58 .functor BUFZ 1, C4<z>; HiZ drive
v000001a76b02e3c0_0 .net "RD", 0 0, o000001a76afd4a58;  0 drivers
o000001a76afd36a8 .functor BUFZ 1, C4<z>; HiZ drive
v000001a76b02ff40_0 .net "RST", 0 0, o000001a76afd36a8;  0 drivers
v000001a76b02e0a0_0 .net "SALIDA", 15 0, v000001a76afce8e0_0;  1 drivers
o000001a76afd2e68 .functor BUFZ 4, C4<zzzz>; HiZ drive
v000001a76b02e140_0 .net "SEL", 3 0, o000001a76afd2e68;  0 drivers
v000001a76b02efa0_0 .net "SI", 15 0, v000001a76b02c7a0_0;  1 drivers
v000001a76b02f5e0_0 .net "SP", 15 0, v000001a76b02c5c0_0;  1 drivers
v000001a76b02f540_0 .net "WE", 11 0, v000001a76afce7a0_0;  1 drivers
o000001a76afd2ec8 .functor BUFZ 1, C4<z>; HiZ drive
v000001a76b02fcc0_0 .net "WR", 0 0, o000001a76afd2ec8;  0 drivers
L_000001a76b050118 .functor BUFT 1, C4<00000000>, C4<0>, C4<0>, C4<0>;
v000001a76b02f680_0 .net/2u *"_ivl_10", 7 0, L_000001a76b050118;  1 drivers
L_000001a76b050160 .functor BUFT 1, C4<00000000>, C4<0>, C4<0>, C4<0>;
v000001a76b02e780_0 .net/2u *"_ivl_14", 7 0, L_000001a76b050160;  1 drivers
L_000001a76b0501a8 .functor BUFT 1, C4<00000000>, C4<0>, C4<0>, C4<0>;
v000001a76b02f900_0 .net/2u *"_ivl_18", 7 0, L_000001a76b0501a8;  1 drivers
L_000001a76b050088 .functor BUFT 1, C4<00000000>, C4<0>, C4<0>, C4<0>;
v000001a76b02e460_0 .net/2u *"_ivl_2", 7 0, L_000001a76b050088;  1 drivers
L_000001a76b0501f0 .functor BUFT 1, C4<00000000>, C4<0>, C4<0>, C4<0>;
v000001a76b02e500_0 .net/2u *"_ivl_22", 7 0, L_000001a76b0501f0;  1 drivers
L_000001a76b050238 .functor BUFT 1, C4<00000000>, C4<0>, C4<0>, C4<0>;
v000001a76b02e1e0_0 .net/2u *"_ivl_26", 7 0, L_000001a76b050238;  1 drivers
L_000001a76b050280 .functor BUFT 1, C4<00000000>, C4<0>, C4<0>, C4<0>;
v000001a76b02f9a0_0 .net/2u *"_ivl_30", 7 0, L_000001a76b050280;  1 drivers
L_000001a76b0500d0 .functor BUFT 1, C4<00000000>, C4<0>, C4<0>, C4<0>;
v000001a76b02f040_0 .net/2u *"_ivl_6", 7 0, L_000001a76b0500d0;  1 drivers
L_000001a76b02eaa0 .part o000001a76afd2e68, 3, 1;
L_000001a76b02edc0 .concat [ 8 8 0 0], v000001a76afcd120_0, L_000001a76b050088;
L_000001a76b02f0e0 .concat [ 8 8 0 0], v000001a76b02c980_0, L_000001a76b0500d0;
L_000001a76b032490 .concat [ 8 8 0 0], v000001a76b02b3a0_0, L_000001a76b050118;
L_000001a76b032b70 .concat [ 8 8 0 0], v000001a76afc6d80_0, L_000001a76b050160;
L_000001a76b032cb0 .concat [ 8 8 0 0], v000001a76afce020_0, L_000001a76b0501a8;
L_000001a76b032030 .concat [ 8 8 0 0], v000001a76afc64c0_0, L_000001a76b0501f0;
L_000001a76b031d10 .concat [ 8 8 0 0], v000001a76b02cc00_0, L_000001a76b050238;
L_000001a76b0328f0 .concat [ 8 8 0 0], v000001a76afcd940_0, L_000001a76b050280;
L_000001a76b032c10 .concat [ 8 8 0 0], v000001a76afcd120_0, v000001a76afce020_0;
L_000001a76b031db0 .concat [ 8 8 0 0], v000001a76b02c980_0, v000001a76afc64c0_0;
L_000001a76b031e50 .concat [ 8 8 0 0], v000001a76b02b3a0_0, v000001a76b02cc00_0;
L_000001a76b032a30 .concat [ 8 8 0 0], v000001a76afc6d80_0, v000001a76afcd940_0;
S_000001a76afb2b20 .scope module, "DecoEscritura" "Deco" 2 29, 3 10 0, S_000001a76af95090;
 .timescale 0 0;
    .port_info 0 /INPUT 1 "WR";
    .port_info 1 /INPUT 4 "SEL";
    .port_info 2 /OUTPUT 12 "WE";
v000001a76afce0c0_0 .net "SEL", 3 0, o000001a76afd2e68;  alias, 0 drivers
v000001a76afce7a0_0 .var "WE", 11 0;
v000001a76afcdd00_0 .net "WR", 0 0, o000001a76afd2ec8;  alias, 0 drivers
E_000001a76afc2430 .event anyedge, v000001a76afcdd00_0, v000001a76afce0c0_0;
S_000001a76afb2cb0 .scope module, "MuxSalida" "Mux16x1" 2 38, 4 9 0, S_000001a76af95090;
 .timescale 0 0;
    .port_info 0 /INPUT 16 "A0";
    .port_info 1 /INPUT 16 "A1";
    .port_info 2 /INPUT 16 "A2";
    .port_info 3 /INPUT 16 "A3";
    .port_info 4 /INPUT 16 "A4";
    .port_info 5 /INPUT 16 "A5";
    .port_info 6 /INPUT 16 "A6";
    .port_info 7 /INPUT 16 "A7";
    .port_info 8 /INPUT 16 "A8";
    .port_info 9 /INPUT 16 "A9";
    .port_info 10 /INPUT 16 "A10";
    .port_info 11 /INPUT 16 "A11";
    .port_info 12 /INPUT 16 "A12";
    .port_info 13 /INPUT 16 "A13";
    .port_info 14 /INPUT 16 "A14";
    .port_info 15 /INPUT 16 "A15";
    .port_info 16 /INPUT 4 "SEL";
    .port_info 17 /OUTPUT 16 "OUT";
v000001a76afcd4e0_0 .net "A0", 15 0, L_000001a76b02edc0;  1 drivers
v000001a76afcd580_0 .net "A1", 15 0, L_000001a76b02f0e0;  1 drivers
v000001a76afce5c0_0 .net "A10", 15 0, L_000001a76b031e50;  1 drivers
v000001a76afce660_0 .net "A11", 15 0, L_000001a76b032a30;  1 drivers
v000001a76afcd1c0_0 .net "A12", 15 0, v000001a76b02c5c0_0;  alias, 1 drivers
v000001a76afcdbc0_0 .net "A13", 15 0, v000001a76afc6ce0_0;  alias, 1 drivers
v000001a76afce160_0 .net "A14", 15 0, v000001a76b02c7a0_0;  alias, 1 drivers
v000001a76afceca0_0 .net "A15", 15 0, v000001a76b02cca0_0;  alias, 1 drivers
v000001a76afce700_0 .net "A2", 15 0, L_000001a76b032490;  1 drivers
v000001a76afcd260_0 .net "A3", 15 0, L_000001a76b032b70;  1 drivers
v000001a76afce200_0 .net "A4", 15 0, L_000001a76b032cb0;  1 drivers
v000001a76afce840_0 .net "A5", 15 0, L_000001a76b032030;  1 drivers
v000001a76afccfe0_0 .net "A6", 15 0, L_000001a76b031d10;  1 drivers
v000001a76afcdee0_0 .net "A7", 15 0, L_000001a76b0328f0;  1 drivers
v000001a76afcd8a0_0 .net "A8", 15 0, L_000001a76b032c10;  1 drivers
v000001a76afced40_0 .net "A9", 15 0, L_000001a76b031db0;  1 drivers
v000001a76afce8e0_0 .var "OUT", 15 0;
v000001a76afcdf80_0 .net "SEL", 3 0, o000001a76afd2e68;  alias, 0 drivers
E_000001a76afc2670/0 .event anyedge, v000001a76afce0c0_0, v000001a76afcd4e0_0, v000001a76afcd580_0, v000001a76afce700_0;
E_000001a76afc2670/1 .event anyedge, v000001a76afcd260_0, v000001a76afce200_0, v000001a76afce840_0, v000001a76afccfe0_0;
E_000001a76afc2670/2 .event anyedge, v000001a76afcdee0_0, v000001a76afcd8a0_0, v000001a76afced40_0, v000001a76afce5c0_0;
E_000001a76afc2670/3 .event anyedge, v000001a76afce660_0, v000001a76afcd1c0_0, v000001a76afcdbc0_0, v000001a76afce160_0;
E_000001a76afc2670/4 .event anyedge, v000001a76afceca0_0;
E_000001a76afc2670 .event/or E_000001a76afc2670/0, E_000001a76afc2670/1, E_000001a76afc2670/2, E_000001a76afc2670/3, E_000001a76afc2670/4;
S_000001a76afada80 .scope module, "Regs" "Registros" 2 34, 5 10 0, S_000001a76af95090;
 .timescale 0 0;
    .port_info 0 /INPUT 1 "CLK";
    .port_info 1 /INPUT 1 "RST";
    .port_info 2 /INPUT 1 "SEL";
    .port_info 3 /INPUT 16 "DATA";
    .port_info 4 /INPUT 12 "WE";
    .port_info 5 /OUTPUT 8 "AL";
    .port_info 6 /OUTPUT 8 "CL";
    .port_info 7 /OUTPUT 8 "DL";
    .port_info 8 /OUTPUT 8 "BL";
    .port_info 9 /OUTPUT 8 "AH";
    .port_info 10 /OUTPUT 8 "CH";
    .port_info 11 /OUTPUT 8 "DH";
    .port_info 12 /OUTPUT 8 "BH";
    .port_info 13 /OUTPUT 16 "SP";
    .port_info 14 /OUTPUT 16 "BP";
    .port_info 15 /OUTPUT 16 "SI";
    .port_info 16 /OUTPUT 16 "DI";
v000001a76b02cf20_0 .net "AH", 7 0, v000001a76afce020_0;  alias, 1 drivers
v000001a76b02b080_0 .net "AL", 7 0, v000001a76afcd120_0;  alias, 1 drivers
v000001a76b02bda0_0 .net "BH", 7 0, v000001a76afcd940_0;  alias, 1 drivers
v000001a76b02ba80_0 .net "BL", 7 0, v000001a76afc6d80_0;  alias, 1 drivers
v000001a76b02b800_0 .net "BP", 15 0, v000001a76afc6ce0_0;  alias, 1 drivers
v000001a76b02b1c0_0 .net "CH", 7 0, v000001a76afc64c0_0;  alias, 1 drivers
v000001a76b02b260_0 .net "CL", 7 0, v000001a76b02c980_0;  alias, 1 drivers
v000001a76b02b580_0 .net "CLK", 0 0, o000001a76afd3618;  alias, 0 drivers
v000001a76b02bee0_0 .net "DATA", 15 0, L_000001a76b031810;  alias, 1 drivers
v000001a76b02bbc0_0 .net "DH", 7 0, v000001a76b02cc00_0;  alias, 1 drivers
v000001a76b02c0c0_0 .net "DI", 15 0, v000001a76b02cca0_0;  alias, 1 drivers
v000001a76b02b620_0 .net "DL", 7 0, v000001a76b02b3a0_0;  alias, 1 drivers
v000001a76b02c160_0 .net "RST", 0 0, o000001a76afd36a8;  alias, 0 drivers
v000001a76b02b6c0_0 .net "SEL", 0 0, L_000001a76b02eaa0;  1 drivers
v000001a76b02be40_0 .net "SI", 15 0, v000001a76b02c7a0_0;  alias, 1 drivers
v000001a76b02b8a0_0 .net "SP", 15 0, v000001a76b02c5c0_0;  alias, 1 drivers
v000001a76b02bd00_0 .net "Temp", 7 0, v000001a76b02b9e0_0;  1 drivers
v000001a76b02eb40_0 .net "WE", 11 0, v000001a76afce7a0_0;  alias, 1 drivers
L_000001a76b02f180 .part L_000001a76b031810, 0, 8;
L_000001a76b02e5a0 .part L_000001a76b031810, 8, 8;
L_000001a76b02ee60 .part v000001a76afce7a0_0, 11, 1;
L_000001a76b02f2c0 .part v000001a76afce7a0_0, 10, 1;
L_000001a76b02ef00 .part v000001a76afce7a0_0, 9, 1;
L_000001a76b02fc20 .part v000001a76afce7a0_0, 8, 1;
L_000001a76b02fd60 .part v000001a76afce7a0_0, 7, 1;
L_000001a76b02fe00 .part v000001a76afce7a0_0, 6, 1;
L_000001a76b02e640 .part v000001a76afce7a0_0, 5, 1;
L_000001a76b02e820 .part v000001a76afce7a0_0, 4, 1;
L_000001a76b02e8c0 .part v000001a76afce7a0_0, 3, 1;
L_000001a76b02e960 .part v000001a76afce7a0_0, 2, 1;
L_000001a76b02ed20 .part v000001a76afce7a0_0, 1, 1;
L_000001a76b02ea00 .part v000001a76afce7a0_0, 0, 1;
S_000001a76afadc10 .scope module, "RegAH" "Reg8bits" 5 41, 6 9 0, S_000001a76afada80;
 .timescale 0 0;
    .port_info 0 /INPUT 1 "CLK";
    .port_info 1 /INPUT 1 "RST";
    .port_info 2 /INPUT 1 "WriteEnable";
    .port_info 3 /INPUT 8 "D";
    .port_info 4 /OUTPUT 8 "Q";
v000001a76afcede0_0 .net "CLK", 0 0, o000001a76afd3618;  alias, 0 drivers
v000001a76afcd6c0_0 .net "D", 7 0, v000001a76b02b9e0_0;  alias, 1 drivers
v000001a76afce020_0 .var "Q", 7 0;
v000001a76afcee80_0 .net "RST", 0 0, o000001a76afd36a8;  alias, 0 drivers
v000001a76afcdc60_0 .net "WriteEnable", 0 0, L_000001a76b02fd60;  1 drivers
E_000001a76afc24f0 .event posedge, v000001a76afcee80_0, v000001a76afcede0_0;
S_000001a76afadda0 .scope module, "RegAL" "Reg8bits" 5 37, 6 9 0, S_000001a76afada80;
 .timescale 0 0;
    .port_info 0 /INPUT 1 "CLK";
    .port_info 1 /INPUT 1 "RST";
    .port_info 2 /INPUT 1 "WriteEnable";
    .port_info 3 /INPUT 8 "D";
    .port_info 4 /OUTPUT 8 "Q";
v000001a76afcd300_0 .net "CLK", 0 0, o000001a76afd3618;  alias, 0 drivers
v000001a76afcd440_0 .net "D", 7 0, v000001a76b02b9e0_0;  alias, 1 drivers
v000001a76afcd120_0 .var "Q", 7 0;
v000001a76afcd3a0_0 .net "RST", 0 0, o000001a76afd36a8;  alias, 0 drivers
v000001a76afcd760_0 .net "WriteEnable", 0 0, L_000001a76b02ee60;  1 drivers
S_000001a76afaea80 .scope module, "RegBH" "Reg8bits" 5 44, 6 9 0, S_000001a76afada80;
 .timescale 0 0;
    .port_info 0 /INPUT 1 "CLK";
    .port_info 1 /INPUT 1 "RST";
    .port_info 2 /INPUT 1 "WriteEnable";
    .port_info 3 /INPUT 8 "D";
    .port_info 4 /OUTPUT 8 "Q";
v000001a76afcd800_0 .net "CLK", 0 0, o000001a76afd3618;  alias, 0 drivers
v000001a76afcda80_0 .net "D", 7 0, v000001a76b02b9e0_0;  alias, 1 drivers
v000001a76afcd940_0 .var "Q", 7 0;
v000001a76afcdb20_0 .net "RST", 0 0, o000001a76afd36a8;  alias, 0 drivers
v000001a76afcdda0_0 .net "WriteEnable", 0 0, L_000001a76b02e820;  1 drivers
S_000001a76afaec10 .scope module, "RegBL" "Reg8bits" 5 40, 6 9 0, S_000001a76afada80;
 .timescale 0 0;
    .port_info 0 /INPUT 1 "CLK";
    .port_info 1 /INPUT 1 "RST";
    .port_info 2 /INPUT 1 "WriteEnable";
    .port_info 3 /INPUT 8 "D";
    .port_info 4 /OUTPUT 8 "Q";
v000001a76afcde40_0 .net "CLK", 0 0, o000001a76afd3618;  alias, 0 drivers
v000001a76afc6740_0 .net "D", 7 0, v000001a76b02b9e0_0;  alias, 1 drivers
v000001a76afc6d80_0 .var "Q", 7 0;
v000001a76afc6b00_0 .net "RST", 0 0, o000001a76afd36a8;  alias, 0 drivers
v000001a76afc7140_0 .net "WriteEnable", 0 0, L_000001a76b02fc20;  1 drivers
S_000001a76afaeda0 .scope module, "RegBP" "Reg16bits" 5 49, 7 9 0, S_000001a76afada80;
 .timescale 0 0;
    .port_info 0 /INPUT 1 "CLK";
    .port_info 1 /INPUT 1 "RST";
    .port_info 2 /INPUT 1 "WriteEnable";
    .port_info 3 /INPUT 16 "D";
    .port_info 4 /OUTPUT 16 "Q";
v000001a76afc7000_0 .net "CLK", 0 0, o000001a76afd3618;  alias, 0 drivers
v000001a76afc70a0_0 .net "D", 15 0, L_000001a76b031810;  alias, 1 drivers
v000001a76afc6ce0_0 .var "Q", 15 0;
v000001a76afc6ec0_0 .net "RST", 0 0, o000001a76afd36a8;  alias, 0 drivers
v000001a76afc71e0_0 .net "WriteEnable", 0 0, L_000001a76b02e960;  1 drivers
S_000001a76afa1fb0 .scope module, "RegCH" "Reg8bits" 5 42, 6 9 0, S_000001a76afada80;
 .timescale 0 0;
    .port_info 0 /INPUT 1 "CLK";
    .port_info 1 /INPUT 1 "RST";
    .port_info 2 /INPUT 1 "WriteEnable";
    .port_info 3 /INPUT 8 "D";
    .port_info 4 /OUTPUT 8 "Q";
v000001a76afc7280_0 .net "CLK", 0 0, o000001a76afd3618;  alias, 0 drivers
v000001a76afc6420_0 .net "D", 7 0, v000001a76b02b9e0_0;  alias, 1 drivers
v000001a76afc64c0_0 .var "Q", 7 0;
v000001a76afc6560_0 .net "RST", 0 0, o000001a76afd36a8;  alias, 0 drivers
v000001a76afc6880_0 .net "WriteEnable", 0 0, L_000001a76b02fe00;  1 drivers
S_000001a76afa2140 .scope module, "RegCL" "Reg8bits" 5 38, 6 9 0, S_000001a76afada80;
 .timescale 0 0;
    .port_info 0 /INPUT 1 "CLK";
    .port_info 1 /INPUT 1 "RST";
    .port_info 2 /INPUT 1 "WriteEnable";
    .port_info 3 /INPUT 8 "D";
    .port_info 4 /OUTPUT 8 "Q";
v000001a76afc6920_0 .net "CLK", 0 0, o000001a76afd3618;  alias, 0 drivers
v000001a76b02bf80_0 .net "D", 7 0, v000001a76b02b9e0_0;  alias, 1 drivers
v000001a76b02c980_0 .var "Q", 7 0;
v000001a76b02c660_0 .net "RST", 0 0, o000001a76afd36a8;  alias, 0 drivers
v000001a76b02c200_0 .net "WriteEnable", 0 0, L_000001a76b02f2c0;  1 drivers
S_000001a76afa22d0 .scope module, "RegDH" "Reg8bits" 5 43, 6 9 0, S_000001a76afada80;
 .timescale 0 0;
    .port_info 0 /INPUT 1 "CLK";
    .port_info 1 /INPUT 1 "RST";
    .port_info 2 /INPUT 1 "WriteEnable";
    .port_info 3 /INPUT 8 "D";
    .port_info 4 /OUTPUT 8 "Q";
v000001a76b02c700_0 .net "CLK", 0 0, o000001a76afd3618;  alias, 0 drivers
v000001a76b02cb60_0 .net "D", 7 0, v000001a76b02b9e0_0;  alias, 1 drivers
v000001a76b02cc00_0 .var "Q", 7 0;
v000001a76b02b940_0 .net "RST", 0 0, o000001a76afd36a8;  alias, 0 drivers
v000001a76b02c340_0 .net "WriteEnable", 0 0, L_000001a76b02e640;  1 drivers
S_000001a76af9de60 .scope module, "RegDI" "Reg16bits" 5 51, 7 9 0, S_000001a76afada80;
 .timescale 0 0;
    .port_info 0 /INPUT 1 "CLK";
    .port_info 1 /INPUT 1 "RST";
    .port_info 2 /INPUT 1 "WriteEnable";
    .port_info 3 /INPUT 16 "D";
    .port_info 4 /OUTPUT 16 "Q";
v000001a76b02ce80_0 .net "CLK", 0 0, o000001a76afd3618;  alias, 0 drivers
v000001a76b02c2a0_0 .net "D", 15 0, L_000001a76b031810;  alias, 1 drivers
v000001a76b02cca0_0 .var "Q", 15 0;
v000001a76b02b760_0 .net "RST", 0 0, o000001a76afd36a8;  alias, 0 drivers
v000001a76b02c020_0 .net "WriteEnable", 0 0, L_000001a76b02ea00;  1 drivers
S_000001a76afb40f0 .scope module, "RegDL" "Reg8bits" 5 39, 6 9 0, S_000001a76afada80;
 .timescale 0 0;
    .port_info 0 /INPUT 1 "CLK";
    .port_info 1 /INPUT 1 "RST";
    .port_info 2 /INPUT 1 "WriteEnable";
    .port_info 3 /INPUT 8 "D";
    .port_info 4 /OUTPUT 8 "Q";
v000001a76b02c3e0_0 .net "CLK", 0 0, o000001a76afd3618;  alias, 0 drivers
v000001a76b02b300_0 .net "D", 7 0, v000001a76b02b9e0_0;  alias, 1 drivers
v000001a76b02b3a0_0 .var "Q", 7 0;
v000001a76b02c520_0 .net "RST", 0 0, o000001a76afd36a8;  alias, 0 drivers
v000001a76b02b120_0 .net "WriteEnable", 0 0, L_000001a76b02ef00;  1 drivers
S_000001a76afb4280 .scope module, "RegSI" "Reg16bits" 5 50, 7 9 0, S_000001a76afada80;
 .timescale 0 0;
    .port_info 0 /INPUT 1 "CLK";
    .port_info 1 /INPUT 1 "RST";
    .port_info 2 /INPUT 1 "WriteEnable";
    .port_info 3 /INPUT 16 "D";
    .port_info 4 /OUTPUT 16 "Q";
v000001a76b02bc60_0 .net "CLK", 0 0, o000001a76afd3618;  alias, 0 drivers
v000001a76b02ca20_0 .net "D", 15 0, L_000001a76b031810;  alias, 1 drivers
v000001a76b02c7a0_0 .var "Q", 15 0;
v000001a76b02cd40_0 .net "RST", 0 0, o000001a76afd36a8;  alias, 0 drivers
v000001a76b02cac0_0 .net "WriteEnable", 0 0, L_000001a76b02ed20;  1 drivers
S_000001a76afb4410 .scope module, "RegSP" "Reg16bits" 5 48, 7 9 0, S_000001a76afada80;
 .timescale 0 0;
    .port_info 0 /INPUT 1 "CLK";
    .port_info 1 /INPUT 1 "RST";
    .port_info 2 /INPUT 1 "WriteEnable";
    .port_info 3 /INPUT 16 "D";
    .port_info 4 /OUTPUT 16 "Q";
v000001a76b02c480_0 .net "CLK", 0 0, o000001a76afd3618;  alias, 0 drivers
v000001a76b02c840_0 .net "D", 15 0, L_000001a76b031810;  alias, 1 drivers
v000001a76b02c5c0_0 .var "Q", 15 0;
v000001a76b02bb20_0 .net "RST", 0 0, o000001a76afd36a8;  alias, 0 drivers
v000001a76b02cde0_0 .net "WriteEnable", 0 0, L_000001a76b02e8c0;  1 drivers
S_000001a76af62d20 .scope module, "mux2x8" "Mux2x8" 5 34, 8 9 0, S_000001a76afada80;
 .timescale 0 0;
    .port_info 0 /INPUT 8 "ENT1";
    .port_info 1 /INPUT 8 "ENT2";
    .port_info 2 /INPUT 1 "SEL";
    .port_info 3 /OUTPUT 8 "OUT";
v000001a76b02b440_0 .net "ENT1", 7 0, L_000001a76b02f180;  1 drivers
v000001a76b02b4e0_0 .net "ENT2", 7 0, L_000001a76b02e5a0;  1 drivers
v000001a76b02b9e0_0 .var "OUT", 7 0;
v000001a76b02c8e0_0 .net "SEL", 0 0, L_000001a76b02eaa0;  alias, 1 drivers
E_000001a76afc2cf0 .event anyedge, v000001a76b02c8e0_0, v000001a76b02b440_0, v000001a76b02b4e0_0;
S_000001a76b0303d0 .scope module, "TriEstado" "TriS16bits" 2 60, 9 10 0, S_000001a76af95090;
 .timescale 0 0;
    .port_info 0 /INPUT 16 "IN";
    .port_info 1 /INPUT 1 "SEL";
    .port_info 2 /OUTPUT 16 "OUT";
v000001a76b02f7c0_0 .net "IN", 15 0, v000001a76afce8e0_0;  alias, 1 drivers
v000001a76b02f860_0 .net "OUT", 15 0, L_000001a76b031810;  alias, 1 drivers
v000001a76b02f720_0 .net "SEL", 0 0, o000001a76afd4a58;  alias, 0 drivers
o000001a76afd4a88 .functor BUFZ 16, C4<zzzzzzzzzzzzzzzz>; HiZ drive
; Elide local net with no drivers, v000001a76b02fea0_0 name=_ivl_0
L_000001a76b031810 .functor MUXZ 16, o000001a76afd4a88, v000001a76afce8e0_0, o000001a76afd4a58, C4<>;
    .scope S_000001a76afb2b20;
T_0 ;
    %wait E_000001a76afc2430;
    %load/vec4 v000001a76afcdd00_0;
    %load/vec4 v000001a76afce0c0_0;
    %concat/vec4; draw_concat_vec4
    %dup/vec4;
    %pushi/vec4 16, 0, 5;
    %cmp/u;
    %jmp/1 T_0.0, 6;
    %dup/vec4;
    %pushi/vec4 17, 0, 5;
    %cmp/u;
    %jmp/1 T_0.1, 6;
    %dup/vec4;
    %pushi/vec4 18, 0, 5;
    %cmp/u;
    %jmp/1 T_0.2, 6;
    %dup/vec4;
    %pushi/vec4 19, 0, 5;
    %cmp/u;
    %jmp/1 T_0.3, 6;
    %dup/vec4;
    %pushi/vec4 20, 0, 5;
    %cmp/u;
    %jmp/1 T_0.4, 6;
    %dup/vec4;
    %pushi/vec4 21, 0, 5;
    %cmp/u;
    %jmp/1 T_0.5, 6;
    %dup/vec4;
    %pushi/vec4 22, 0, 5;
    %cmp/u;
    %jmp/1 T_0.6, 6;
    %dup/vec4;
    %pushi/vec4 23, 0, 5;
    %cmp/u;
    %jmp/1 T_0.7, 6;
    %dup/vec4;
    %pushi/vec4 24, 0, 5;
    %cmp/u;
    %jmp/1 T_0.8, 6;
    %dup/vec4;
    %pushi/vec4 25, 0, 5;
    %cmp/u;
    %jmp/1 T_0.9, 6;
    %dup/vec4;
    %pushi/vec4 26, 0, 5;
    %cmp/u;
    %jmp/1 T_0.10, 6;
    %dup/vec4;
    %pushi/vec4 27, 0, 5;
    %cmp/u;
    %jmp/1 T_0.11, 6;
    %dup/vec4;
    %pushi/vec4 28, 0, 5;
    %cmp/u;
    %jmp/1 T_0.12, 6;
    %dup/vec4;
    %pushi/vec4 29, 0, 5;
    %cmp/u;
    %jmp/1 T_0.13, 6;
    %dup/vec4;
    %pushi/vec4 30, 0, 5;
    %cmp/u;
    %jmp/1 T_0.14, 6;
    %dup/vec4;
    %pushi/vec4 31, 0, 5;
    %cmp/u;
    %jmp/1 T_0.15, 6;
    %pushi/vec4 0, 0, 12;
    %store/vec4 v000001a76afce7a0_0, 0, 12;
    %jmp T_0.17;
T_0.0 ;
    %pushi/vec4 2048, 0, 12;
    %store/vec4 v000001a76afce7a0_0, 0, 12;
    %jmp T_0.17;
T_0.1 ;
    %pushi/vec4 1024, 0, 12;
    %store/vec4 v000001a76afce7a0_0, 0, 12;
    %jmp T_0.17;
T_0.2 ;
    %pushi/vec4 512, 0, 12;
    %store/vec4 v000001a76afce7a0_0, 0, 12;
    %jmp T_0.17;
T_0.3 ;
    %pushi/vec4 512, 0, 12;
    %store/vec4 v000001a76afce7a0_0, 0, 12;
    %jmp T_0.17;
T_0.4 ;
    %pushi/vec4 128, 0, 12;
    %store/vec4 v000001a76afce7a0_0, 0, 12;
    %jmp T_0.17;
T_0.5 ;
    %pushi/vec4 64, 0, 12;
    %store/vec4 v000001a76afce7a0_0, 0, 12;
    %jmp T_0.17;
T_0.6 ;
    %pushi/vec4 2080, 0, 12;
    %store/vec4 v000001a76afce7a0_0, 0, 12;
    %jmp T_0.17;
T_0.7 ;
    %pushi/vec4 2064, 0, 12;
    %store/vec4 v000001a76afce7a0_0, 0, 12;
    %jmp T_0.17;
T_0.8 ;
    %pushi/vec4 2176, 0, 12;
    %store/vec4 v000001a76afce7a0_0, 0, 12;
    %jmp T_0.17;
T_0.9 ;
    %pushi/vec4 1088, 0, 12;
    %store/vec4 v000001a76afce7a0_0, 0, 12;
    %jmp T_0.17;
T_0.10 ;
    %pushi/vec4 544, 0, 12;
    %store/vec4 v000001a76afce7a0_0, 0, 12;
    %jmp T_0.17;
T_0.11 ;
    %pushi/vec4 272, 0, 12;
    %store/vec4 v000001a76afce7a0_0, 0, 12;
    %jmp T_0.17;
T_0.12 ;
    %pushi/vec4 8, 0, 12;
    %store/vec4 v000001a76afce7a0_0, 0, 12;
    %jmp T_0.17;
T_0.13 ;
    %pushi/vec4 4, 0, 12;
    %store/vec4 v000001a76afce7a0_0, 0, 12;
    %jmp T_0.17;
T_0.14 ;
    %pushi/vec4 2, 0, 12;
    %store/vec4 v000001a76afce7a0_0, 0, 12;
    %jmp T_0.17;
T_0.15 ;
    %pushi/vec4 1, 0, 12;
    %store/vec4 v000001a76afce7a0_0, 0, 12;
    %jmp T_0.17;
T_0.17 ;
    %pop/vec4 1;
    %jmp T_0;
    .thread T_0, $push;
    .scope S_000001a76af62d20;
T_1 ;
    %wait E_000001a76afc2cf0;
    %load/vec4 v000001a76b02c8e0_0;
    %dup/vec4;
    %pushi/vec4 0, 0, 1;
    %cmp/u;
    %jmp/1 T_1.0, 6;
    %dup/vec4;
    %pushi/vec4 1, 0, 1;
    %cmp/u;
    %jmp/1 T_1.1, 6;
    %jmp T_1.2;
T_1.0 ;
    %load/vec4 v000001a76b02b440_0;
    %store/vec4 v000001a76b02b9e0_0, 0, 8;
    %jmp T_1.2;
T_1.1 ;
    %load/vec4 v000001a76b02b4e0_0;
    %store/vec4 v000001a76b02b9e0_0, 0, 8;
    %jmp T_1.2;
T_1.2 ;
    %pop/vec4 1;
    %jmp T_1;
    .thread T_1, $push;
    .scope S_000001a76afadda0;
T_2 ;
    %wait E_000001a76afc24f0;
    %load/vec4 v000001a76afcd3a0_0;
    %flag_set/vec4 8;
    %jmp/0xz  T_2.0, 8;
    %pushi/vec4 0, 0, 8;
    %store/vec4 v000001a76afcd120_0, 0, 8;
    %jmp T_2.1;
T_2.0 ;
    %load/vec4 v000001a76afcd760_0;
    %flag_set/vec4 8;
    %jmp/0xz  T_2.2, 8;
    %load/vec4 v000001a76afcd440_0;
    %store/vec4 v000001a76afcd120_0, 0, 8;
    %jmp T_2.3;
T_2.2 ;
    %load/vec4 v000001a76afcd120_0;
    %store/vec4 v000001a76afcd120_0, 0, 8;
T_2.3 ;
T_2.1 ;
    %jmp T_2;
    .thread T_2;
    .scope S_000001a76afa2140;
T_3 ;
    %wait E_000001a76afc24f0;
    %load/vec4 v000001a76b02c660_0;
    %flag_set/vec4 8;
    %jmp/0xz  T_3.0, 8;
    %pushi/vec4 0, 0, 8;
    %store/vec4 v000001a76b02c980_0, 0, 8;
    %jmp T_3.1;
T_3.0 ;
    %load/vec4 v000001a76b02c200_0;
    %flag_set/vec4 8;
    %jmp/0xz  T_3.2, 8;
    %load/vec4 v000001a76b02bf80_0;
    %store/vec4 v000001a76b02c980_0, 0, 8;
    %jmp T_3.3;
T_3.2 ;
    %load/vec4 v000001a76b02c980_0;
    %store/vec4 v000001a76b02c980_0, 0, 8;
T_3.3 ;
T_3.1 ;
    %jmp T_3;
    .thread T_3;
    .scope S_000001a76afb40f0;
T_4 ;
    %wait E_000001a76afc24f0;
    %load/vec4 v000001a76b02c520_0;
    %flag_set/vec4 8;
    %jmp/0xz  T_4.0, 8;
    %pushi/vec4 0, 0, 8;
    %store/vec4 v000001a76b02b3a0_0, 0, 8;
    %jmp T_4.1;
T_4.0 ;
    %load/vec4 v000001a76b02b120_0;
    %flag_set/vec4 8;
    %jmp/0xz  T_4.2, 8;
    %load/vec4 v000001a76b02b300_0;
    %store/vec4 v000001a76b02b3a0_0, 0, 8;
    %jmp T_4.3;
T_4.2 ;
    %load/vec4 v000001a76b02b3a0_0;
    %store/vec4 v000001a76b02b3a0_0, 0, 8;
T_4.3 ;
T_4.1 ;
    %jmp T_4;
    .thread T_4;
    .scope S_000001a76afaec10;
T_5 ;
    %wait E_000001a76afc24f0;
    %load/vec4 v000001a76afc6b00_0;
    %flag_set/vec4 8;
    %jmp/0xz  T_5.0, 8;
    %pushi/vec4 0, 0, 8;
    %store/vec4 v000001a76afc6d80_0, 0, 8;
    %jmp T_5.1;
T_5.0 ;
    %load/vec4 v000001a76afc7140_0;
    %flag_set/vec4 8;
    %jmp/0xz  T_5.2, 8;
    %load/vec4 v000001a76afc6740_0;
    %store/vec4 v000001a76afc6d80_0, 0, 8;
    %jmp T_5.3;
T_5.2 ;
    %load/vec4 v000001a76afc6d80_0;
    %store/vec4 v000001a76afc6d80_0, 0, 8;
T_5.3 ;
T_5.1 ;
    %jmp T_5;
    .thread T_5;
    .scope S_000001a76afadc10;
T_6 ;
    %wait E_000001a76afc24f0;
    %load/vec4 v000001a76afcee80_0;
    %flag_set/vec4 8;
    %jmp/0xz  T_6.0, 8;
    %pushi/vec4 0, 0, 8;
    %store/vec4 v000001a76afce020_0, 0, 8;
    %jmp T_6.1;
T_6.0 ;
    %load/vec4 v000001a76afcdc60_0;
    %flag_set/vec4 8;
    %jmp/0xz  T_6.2, 8;
    %load/vec4 v000001a76afcd6c0_0;
    %store/vec4 v000001a76afce020_0, 0, 8;
    %jmp T_6.3;
T_6.2 ;
    %load/vec4 v000001a76afce020_0;
    %store/vec4 v000001a76afce020_0, 0, 8;
T_6.3 ;
T_6.1 ;
    %jmp T_6;
    .thread T_6;
    .scope S_000001a76afa1fb0;
T_7 ;
    %wait E_000001a76afc24f0;
    %load/vec4 v000001a76afc6560_0;
    %flag_set/vec4 8;
    %jmp/0xz  T_7.0, 8;
    %pushi/vec4 0, 0, 8;
    %store/vec4 v000001a76afc64c0_0, 0, 8;
    %jmp T_7.1;
T_7.0 ;
    %load/vec4 v000001a76afc6880_0;
    %flag_set/vec4 8;
    %jmp/0xz  T_7.2, 8;
    %load/vec4 v000001a76afc6420_0;
    %store/vec4 v000001a76afc64c0_0, 0, 8;
    %jmp T_7.3;
T_7.2 ;
    %load/vec4 v000001a76afc64c0_0;
    %store/vec4 v000001a76afc64c0_0, 0, 8;
T_7.3 ;
T_7.1 ;
    %jmp T_7;
    .thread T_7;
    .scope S_000001a76afa22d0;
T_8 ;
    %wait E_000001a76afc24f0;
    %load/vec4 v000001a76b02b940_0;
    %flag_set/vec4 8;
    %jmp/0xz  T_8.0, 8;
    %pushi/vec4 0, 0, 8;
    %store/vec4 v000001a76b02cc00_0, 0, 8;
    %jmp T_8.1;
T_8.0 ;
    %load/vec4 v000001a76b02c340_0;
    %flag_set/vec4 8;
    %jmp/0xz  T_8.2, 8;
    %load/vec4 v000001a76b02cb60_0;
    %store/vec4 v000001a76b02cc00_0, 0, 8;
    %jmp T_8.3;
T_8.2 ;
    %load/vec4 v000001a76b02cc00_0;
    %store/vec4 v000001a76b02cc00_0, 0, 8;
T_8.3 ;
T_8.1 ;
    %jmp T_8;
    .thread T_8;
    .scope S_000001a76afaea80;
T_9 ;
    %wait E_000001a76afc24f0;
    %load/vec4 v000001a76afcdb20_0;
    %flag_set/vec4 8;
    %jmp/0xz  T_9.0, 8;
    %pushi/vec4 0, 0, 8;
    %store/vec4 v000001a76afcd940_0, 0, 8;
    %jmp T_9.1;
T_9.0 ;
    %load/vec4 v000001a76afcdda0_0;
    %flag_set/vec4 8;
    %jmp/0xz  T_9.2, 8;
    %load/vec4 v000001a76afcda80_0;
    %store/vec4 v000001a76afcd940_0, 0, 8;
    %jmp T_9.3;
T_9.2 ;
    %load/vec4 v000001a76afcd940_0;
    %store/vec4 v000001a76afcd940_0, 0, 8;
T_9.3 ;
T_9.1 ;
    %jmp T_9;
    .thread T_9;
    .scope S_000001a76afb4410;
T_10 ;
    %wait E_000001a76afc24f0;
    %load/vec4 v000001a76b02bb20_0;
    %flag_set/vec4 8;
    %jmp/0xz  T_10.0, 8;
    %pushi/vec4 0, 0, 16;
    %store/vec4 v000001a76b02c5c0_0, 0, 16;
    %jmp T_10.1;
T_10.0 ;
    %load/vec4 v000001a76b02cde0_0;
    %flag_set/vec4 8;
    %jmp/0xz  T_10.2, 8;
    %load/vec4 v000001a76b02c840_0;
    %store/vec4 v000001a76b02c5c0_0, 0, 16;
    %jmp T_10.3;
T_10.2 ;
    %load/vec4 v000001a76b02c5c0_0;
    %store/vec4 v000001a76b02c5c0_0, 0, 16;
T_10.3 ;
T_10.1 ;
    %jmp T_10;
    .thread T_10;
    .scope S_000001a76afaeda0;
T_11 ;
    %wait E_000001a76afc24f0;
    %load/vec4 v000001a76afc6ec0_0;
    %flag_set/vec4 8;
    %jmp/0xz  T_11.0, 8;
    %pushi/vec4 0, 0, 16;
    %store/vec4 v000001a76afc6ce0_0, 0, 16;
    %jmp T_11.1;
T_11.0 ;
    %load/vec4 v000001a76afc71e0_0;
    %flag_set/vec4 8;
    %jmp/0xz  T_11.2, 8;
    %load/vec4 v000001a76afc70a0_0;
    %store/vec4 v000001a76afc6ce0_0, 0, 16;
    %jmp T_11.3;
T_11.2 ;
    %load/vec4 v000001a76afc6ce0_0;
    %store/vec4 v000001a76afc6ce0_0, 0, 16;
T_11.3 ;
T_11.1 ;
    %jmp T_11;
    .thread T_11;
    .scope S_000001a76afb4280;
T_12 ;
    %wait E_000001a76afc24f0;
    %load/vec4 v000001a76b02cd40_0;
    %flag_set/vec4 8;
    %jmp/0xz  T_12.0, 8;
    %pushi/vec4 0, 0, 16;
    %store/vec4 v000001a76b02c7a0_0, 0, 16;
    %jmp T_12.1;
T_12.0 ;
    %load/vec4 v000001a76b02cac0_0;
    %flag_set/vec4 8;
    %jmp/0xz  T_12.2, 8;
    %load/vec4 v000001a76b02ca20_0;
    %store/vec4 v000001a76b02c7a0_0, 0, 16;
    %jmp T_12.3;
T_12.2 ;
    %load/vec4 v000001a76b02c7a0_0;
    %store/vec4 v000001a76b02c7a0_0, 0, 16;
T_12.3 ;
T_12.1 ;
    %jmp T_12;
    .thread T_12;
    .scope S_000001a76af9de60;
T_13 ;
    %wait E_000001a76afc24f0;
    %load/vec4 v000001a76b02b760_0;
    %flag_set/vec4 8;
    %jmp/0xz  T_13.0, 8;
    %pushi/vec4 0, 0, 16;
    %store/vec4 v000001a76b02cca0_0, 0, 16;
    %jmp T_13.1;
T_13.0 ;
    %load/vec4 v000001a76b02c020_0;
    %flag_set/vec4 8;
    %jmp/0xz  T_13.2, 8;
    %load/vec4 v000001a76b02c2a0_0;
    %store/vec4 v000001a76b02cca0_0, 0, 16;
    %jmp T_13.3;
T_13.2 ;
    %load/vec4 v000001a76b02cca0_0;
    %store/vec4 v000001a76b02cca0_0, 0, 16;
T_13.3 ;
T_13.1 ;
    %jmp T_13;
    .thread T_13;
    .scope S_000001a76afb2cb0;
T_14 ;
    %wait E_000001a76afc2670;
    %load/vec4 v000001a76afcdf80_0;
    %dup/vec4;
    %pushi/vec4 0, 0, 4;
    %cmp/u;
    %jmp/1 T_14.0, 6;
    %dup/vec4;
    %pushi/vec4 1, 0, 4;
    %cmp/u;
    %jmp/1 T_14.1, 6;
    %dup/vec4;
    %pushi/vec4 2, 0, 4;
    %cmp/u;
    %jmp/1 T_14.2, 6;
    %dup/vec4;
    %pushi/vec4 3, 0, 4;
    %cmp/u;
    %jmp/1 T_14.3, 6;
    %dup/vec4;
    %pushi/vec4 4, 0, 4;
    %cmp/u;
    %jmp/1 T_14.4, 6;
    %dup/vec4;
    %pushi/vec4 5, 0, 4;
    %cmp/u;
    %jmp/1 T_14.5, 6;
    %dup/vec4;
    %pushi/vec4 6, 0, 4;
    %cmp/u;
    %jmp/1 T_14.6, 6;
    %dup/vec4;
    %pushi/vec4 7, 0, 4;
    %cmp/u;
    %jmp/1 T_14.7, 6;
    %dup/vec4;
    %pushi/vec4 8, 0, 4;
    %cmp/u;
    %jmp/1 T_14.8, 6;
    %dup/vec4;
    %pushi/vec4 9, 0, 4;
    %cmp/u;
    %jmp/1 T_14.9, 6;
    %dup/vec4;
    %pushi/vec4 10, 0, 4;
    %cmp/u;
    %jmp/1 T_14.10, 6;
    %dup/vec4;
    %pushi/vec4 11, 0, 4;
    %cmp/u;
    %jmp/1 T_14.11, 6;
    %dup/vec4;
    %pushi/vec4 12, 0, 4;
    %cmp/u;
    %jmp/1 T_14.12, 6;
    %dup/vec4;
    %pushi/vec4 13, 0, 4;
    %cmp/u;
    %jmp/1 T_14.13, 6;
    %dup/vec4;
    %pushi/vec4 14, 0, 4;
    %cmp/u;
    %jmp/1 T_14.14, 6;
    %dup/vec4;
    %pushi/vec4 15, 0, 4;
    %cmp/u;
    %jmp/1 T_14.15, 6;
    %jmp T_14.16;
T_14.0 ;
    %load/vec4 v000001a76afcd4e0_0;
    %store/vec4 v000001a76afce8e0_0, 0, 16;
    %jmp T_14.16;
T_14.1 ;
    %load/vec4 v000001a76afcd580_0;
    %store/vec4 v000001a76afce8e0_0, 0, 16;
    %jmp T_14.16;
T_14.2 ;
    %load/vec4 v000001a76afce700_0;
    %store/vec4 v000001a76afce8e0_0, 0, 16;
    %jmp T_14.16;
T_14.3 ;
    %load/vec4 v000001a76afcd260_0;
    %store/vec4 v000001a76afce8e0_0, 0, 16;
    %jmp T_14.16;
T_14.4 ;
    %load/vec4 v000001a76afce200_0;
    %store/vec4 v000001a76afce8e0_0, 0, 16;
    %jmp T_14.16;
T_14.5 ;
    %load/vec4 v000001a76afce840_0;
    %store/vec4 v000001a76afce8e0_0, 0, 16;
    %jmp T_14.16;
T_14.6 ;
    %load/vec4 v000001a76afccfe0_0;
    %store/vec4 v000001a76afce8e0_0, 0, 16;
    %jmp T_14.16;
T_14.7 ;
    %load/vec4 v000001a76afcdee0_0;
    %store/vec4 v000001a76afce8e0_0, 0, 16;
    %jmp T_14.16;
T_14.8 ;
    %load/vec4 v000001a76afcd8a0_0;
    %store/vec4 v000001a76afce8e0_0, 0, 16;
    %jmp T_14.16;
T_14.9 ;
    %load/vec4 v000001a76afced40_0;
    %store/vec4 v000001a76afce8e0_0, 0, 16;
    %jmp T_14.16;
T_14.10 ;
    %load/vec4 v000001a76afce5c0_0;
    %store/vec4 v000001a76afce8e0_0, 0, 16;
    %jmp T_14.16;
T_14.11 ;
    %load/vec4 v000001a76afce660_0;
    %store/vec4 v000001a76afce8e0_0, 0, 16;
    %jmp T_14.16;
T_14.12 ;
    %load/vec4 v000001a76afcd1c0_0;
    %store/vec4 v000001a76afce8e0_0, 0, 16;
    %jmp T_14.16;
T_14.13 ;
    %load/vec4 v000001a76afcdbc0_0;
    %store/vec4 v000001a76afce8e0_0, 0, 16;
    %jmp T_14.16;
T_14.14 ;
    %load/vec4 v000001a76afce160_0;
    %store/vec4 v000001a76afce8e0_0, 0, 16;
    %jmp T_14.16;
T_14.15 ;
    %load/vec4 v000001a76afceca0_0;
    %store/vec4 v000001a76afce8e0_0, 0, 16;
    %jmp T_14.16;
T_14.16 ;
    %pop/vec4 1;
    %jmp T_14;
    .thread T_14, $push;
# The file index is used to find the file name in the following table.
:file_names 10;
    "N/A";
    "<interactive>";
    "Top.v";
    "./Deco.v";
    "./Mux16x1.v";
    "./Registros.v";
    "./Reg8bits.v";
    "./Reg16bits.v";
    "./Mux2x8.v";
    "./TriS16bits.v";
